# JRE version: OpenJDK Runtime Environment (8.0_265-b01) (build 1.8.0_265-8u265-b01-0ubuntu2~18.04-b01)
# Java VM: OpenJDK 64-Bit Server VM (25.265-b01 mixed mode linux-amd64 compressed oops)
Heap:
 PSYoungGen      total 49152K, used 0K [0x000000076cb80000, 0x0000000770480000, 0x00000007c0000000)
  eden space 46080K, 0% used [0x000000076cb80000,0x000000076cb80000,0x000000076f880000)
  from space 3072K, 0% used [0x000000076f880000,0x000000076f880000,0x000000076fb80000)
  to   space 3072K, 0% used [0x0000000770180000,0x0000000770180000,0x0000000770480000)
 ParOldGen       total 210944K, used 55911K [0x00000006c6200000, 0x00000006d3000000, 0x000000076cb80000)
  object space 210944K, 26% used [0x00000006c6200000,0x00000006c9899de0,0x00000006d3000000)
 Metaspace       used 67223K, capacity 68920K, committed 69592K, reserved 1110016K
  class space    used 8023K, capacity 8354K, committed 8448K, reserved 1048576K
GC Heap History (10 events):
Event: 14617.357 GC heap after
Heap after GC invocations=1220 (full 3):
 PSYoungGen      total 37376K, used 1802K [0x000000076cb80000, 0x000000076f900000, 0x00000007c0000000)
  eden space 34816K, 0% used [0x000000076cb80000,0x000000076cb80000,0x000000076ed80000)
  from space 2560K, 70% used [0x000000076ed80000,0x000000076ef42868,0x000000076f000000)
  to   space 3072K, 0% used [0x000000076f600000,0x000000076f600000,0x000000076f900000)
 ParOldGen       total 210944K, used 206838K [0x00000006c6200000, 0x00000006d3000000, 0x000000076cb80000)
  object space 210944K, 98% used [0x00000006c6200000,0x00000006d2bfda50,0x00000006d3000000)
 Metaspace       used 67422K, capacity 69240K, committed 69592K, reserved 1110016K
  class space    used 8054K, capacity 8412K, committed 8448K, reserved 1048576K
}
Event: 14694.602 GC heap before
{Heap before GC invocations=1221 (full 3):
 PSYoungGen      total 37376K, used 36618K [0x000000076cb80000, 0x000000076f900000, 0x00000007c0000000)
  eden space 34816K, 100% used [0x000000076cb80000,0x000000076ed80000,0x000000076ed80000)
  from space 2560K, 70% used [0x000000076ed80000,0x000000076ef42868,0x000000076f000000)
  to   space 3072K, 0% used [0x000000076f600000,0x000000076f600000,0x000000076f900000)
 ParOldGen       total 210944K, used 206838K [0x00000006c6200000, 0x00000006d3000000, 0x000000076cb80000)
  object space 210944K, 98% used [0x00000006c6200000,0x00000006d2bfda50,0x00000006d3000000)
 Metaspace       used 67422K, capacity 69240K, committed 69592K, reserved 1110016K
  class space    used 8054K, capacity 8412K, committed 8448K, reserved 1048576K
Event: 14694.837 GC heap after
Heap after GC invocations=1221 (full 3):
 PSYoungGen      total 42496K, used 1815K [0x000000076cb80000, 0x000000076f880000, 0x00000007c0000000)
  eden space 39936K, 0% used [0x000000076cb80000,0x000000076cb80000,0x000000076f280000)
  from space 2560K, 70% used [0x000000076f600000,0x000000076f7c5f08,0x000000076f880000)
  to   space 3072K, 0% used [0x000000076f280000,0x000000076f280000,0x000000076f580000)
 ParOldGen       total 210944K, used 206862K [0x00000006c6200000, 0x00000006d3000000, 0x000000076cb80000)
  object space 210944K, 98% used [0x00000006c6200000,0x00000006d2c03a50,0x00000006d3000000)
 Metaspace       used 67422K, capacity 69240K, committed 69592K, reserved 1110016K
  class space    used 8054K, capacity 8412K, committed 8448K, reserved 1048576K
}
Event: 14749.465 GC heap before
{Heap before GC invocations=1222 (full 3):
 PSYoungGen      total 42496K, used 41751K [0x000000076cb80000, 0x000000076f880000, 0x00000007c0000000)
  eden space 39936K, 100% used [0x000000076cb80000,0x000000076f280000,0x000000076f280000)
  from space 2560K, 70% used [0x000000076f600000,0x000000076f7c5f08,0x000000076f880000)
  to   space 3072K, 0% used [0x000000076f280000,0x000000076f280000,0x000000076f580000)
 ParOldGen       total 210944K, used 206862K [0x00000006c6200000, 0x00000006d3000000, 0x000000076cb80000)
  object space 210944K, 98% used [0x00000006c6200000,0x00000006d2c03a50,0x00000006d3000000)
 Metaspace       used 67422K, capacity 69240K, committed 69592K, reserved 1110016K
  class space    used 8054K, capacity 8412K, committed 8448K, reserved 1048576K
Event: 14775.849 GC heap after
Heap after GC invocations=1222 (full 3):
 PSYoungGen      total 43008K, used 1738K [0x000000076cb80000, 0x000000076ff00000, 0x00000007c0000000)
  eden space 39936K, 0% used [0x000000076cb80000,0x000000076cb80000,0x000000076f280000)
  from space 3072K, 56% used [0x000000076f280000,0x000000076f432a00,0x000000076f580000)
  to   space 3072K, 0% used [0x000000076fc00000,0x000000076fc00000,0x000000076ff00000)
 ParOldGen       total 210944K, used 206942K [0x00000006c6200000, 0x00000006d3000000, 0x000000076cb80000)
  object space 210944K, 98% used [0x00000006c6200000,0x00000006d2c17a70,0x00000006d3000000)
 Metaspace       used 67422K, capacity 69240K, committed 69592K, reserved 1110016K
  class space    used 8054K, capacity 8412K, committed 8448K, reserved 1048576K
}
Event: 14980.486 GC heap before
{Heap before GC invocations=1223 (full 3):
 PSYoungGen      total 43008K, used 41443K [0x000000076cb80000, 0x000000076ff00000, 0x00000007c0000000)
  eden space 39936K, 99% used [0x000000076cb80000,0x000000076f2462d8,0x000000076f280000)
  from space 3072K, 56% used [0x000000076f280000,0x000000076f432a00,0x000000076f580000)
  to   space 3072K, 0% used [0x000000076fc00000,0x000000076fc00000,0x000000076ff00000)
 ParOldGen       total 210944K, used 206942K [0x00000006c6200000, 0x00000006d3000000, 0x000000076cb80000)
  object space 210944K, 98% used [0x00000006c6200000,0x00000006d2c17a70,0x00000006d3000000)
 Metaspace       used 67423K, capacity 69240K, committed 69592K, reserved 1110016K
  class space    used 8054K, capacity 8412K, committed 8448K, reserved 1048576K
Event: 14986.507 GC heap after
Heap after GC invocations=1223 (full 3):
 PSYoungGen      total 48640K, used 1883K [0x000000076cb80000, 0x000000076fe80000, 0x00000007c0000000)
  eden space 46080K, 0% used [0x000000076cb80000,0x000000076cb80000,0x000000076f880000)
  from space 2560K, 73% used [0x000000076fc00000,0x000000076fdd6ed0,0x000000076fe80000)
  to   space 3072K, 0% used [0x000000076f880000,0x000000076f880000,0x000000076fb80000)
 ParOldGen       total 210944K, used 207058K [0x00000006c6200000, 0x00000006d3000000, 0x000000076cb80000)
  object space 210944K, 98% used [0x00000006c6200000,0x00000006d2c34a90,0x00000006d3000000)
 Metaspace       used 67423K, capacity 69240K, committed 69592K, reserved 1110016K
  class space    used 8054K, capacity 8412K, committed 8448K, reserved 1048576K
}
Event: 15464.204 GC heap before
{Heap before GC invocations=1224 (full 3):
 PSYoungGen      total 48640K, used 47792K [0x000000076cb80000, 0x000000076fe80000, 0x00000007c0000000)
  eden space 46080K, 99% used [0x000000076cb80000,0x000000076f8552f8,0x000000076f880000)
  from space 2560K, 73% used [0x000000076fc00000,0x000000076fdd6ed0,0x000000076fe80000)
  to   space 3072K, 0% used [0x000000076f880000,0x000000076f880000,0x000000076fb80000)
 ParOldGen       total 210944K, used 207058K [0x00000006c6200000, 0x00000006d3000000, 0x000000076cb80000)
  object space 210944K, 98% used [0x00000006c6200000,0x00000006d2c34a90,0x00000006d3000000)
 Metaspace       used 67424K, capacity 69240K, committed 69592K, reserved 1110016K
  class space    used 8054K, capacity 8412K, committed 8448K, reserved 1048576K
Event: 15483.693 GC heap after
Heap after GC invocations=1224 (full 3):
 PSYoungGen      total 49152K, used 2497K [0x000000076cb80000, 0x0000000770480000, 0x00000007c0000000)
  eden space 46080K, 0% used [0x000000076cb80000,0x000000076cb80000,0x000000076f880000)
  from space 3072K, 81% used [0x000000076f880000,0x000000076faf0418,0x000000076fb80000)
  to   space 3072K, 0% used [0x0000000770180000,0x0000000770180000,0x0000000770480000)
 ParOldGen       total 210944K, used 208098K [0x00000006c6200000, 0x00000006d3000000, 0x000000076cb80000)
  object space 210944K, 98% used [0x00000006c6200000,0x00000006d2d38a90,0x00000006d3000000)
 Metaspace       used 67424K, capacity 69240K, committed 69592K, reserved 1110016K
  class space    used 8054K, capacity 8412K, committed 8448K, reserved 1048576K
}
Event: 15494.726 GC heap before
{Heap before GC invocations=1225 (full 4):
 PSYoungGen      total 49152K, used 2497K [0x000000076cb80000, 0x0000000770480000, 0x00000007c0000000)
  eden space 46080K, 0% used [0x000000076cb80000,0x000000076cb80000,0x000000076f880000)
  from space 3072K, 81% used [0x000000076f880000,0x000000076faf0418,0x000000076fb80000)
  to   space 3072K, 0% used [0x0000000770180000,0x0000000770180000,0x0000000770480000)
 ParOldGen       total 210944K, used 208098K [0x00000006c6200000, 0x00000006d3000000, 0x000000076cb80000)
  object space 210944K, 98% used [0x00000006c6200000,0x00000006d2d38a90,0x00000006d3000000)
 Metaspace       used 67424K, capacity 69240K, committed 69592K, reserved 1110016K
  class space    used 8054K, capacity 8412K, committed 8448K, reserved 1048576K

